This is pdfTeX, Version 3.14159265-2.6-1.40.16 (TeX Live 2015) (preloaded format=pdflatex 2015.5.24)  23 MAR 2017 10:22
entering extended mode
 restricted \write18 enabled.
 %&-line parsing enabled.
**ms
(./ms.tex
LaTeX2e <2015/01/01>
Babel <3.9l> and hyphenation patterns for 79 languages loaded.
(./aastex6.cls

LaTeX Warning: You have requested document class `aastex6',
               but the document class provides `aastex'.

Document Class: aastex 2016/02/16 1.0/AAS markup document class
Class aastex Info: 
 
 Original \LaTeX2.09 style by Chris Biemesderfer (chris@seagoat.com). 
 Adapted to \LaTeXe by A. Ogawa (ogawa@teleport.com)
 emulateapj.cls included, Copyright 2000-2015 Alexey Vikhlinin 
 Rewrite and update of emulateapj.cls, revised and enhanced with table macros, 
gridlines, draft watermark,
 ORCID identifier and more, by Amy Hendrickson,
 (amyh@texnology.com, http://www.texnology.com) 
 
  on input line 106.
\bibbaselineskip=\skip41
(/usr/local/texlive/2015/texmf-dist/tex/latex/lineno/lineno.sty
Package: lineno 2005/11/02 line numbers on paragraphs v4.41
\linenopenalty=\count79
\output=\toks14
\linenoprevgraf=\count80
\linenumbersep=\dimen102
\linenumberwidth=\dimen103
\c@linenumber=\count81
\c@pagewiselinenumber=\count82
\c@LN@truepage=\count83
\c@internallinenumber=\count84
\c@internallinenumbers=\count85
\quotelinenumbersep=\dimen104
\bframerule=\dimen105
\bframesep=\dimen106
\bframebox=\box26
LaTeX Info: Redefining \\ on input line 3056.
)
(/usr/local/texlive/2015/texmf-dist/tex/latex/revtex/revtex4-1.cls
Document Class: revtex4-1 2010/07/25/20:33:00 4.1r (http://publish.aps.org/revt
ex4/ for documentation)
 Copyright (c) 2009 The American Physical Society.
 mailto:revtex@aps.org
 Licensed under the LPPL:
http://www.ctan.org/tex-archive/macros/latex/base/lppl.txt
 Arthur Ogawa <arthur_ogawa at sbcglobal dot net>
 Based on work by David Carlisle <david at dcarlisle.demon.co.uk>.
ltxutil[2010/07/25/20:33:00 4.1r utilities package (portions licensed from W. E
. Baxter web at superscript.com)]
LaTeX Info: Redefining \@centercr on input line 308.
Class revtex4-1 Info: Repairing hyperref-unfriendly LaTeX definition of \mpfoot
note on input line 433.
Class revtex4-1 Info: Repairing broken LateX \@sect on input line 755.
\intertabularlinepenalty=\count86
\@tbpen=\count87
\@arstrutbox@hline=\box27
Class revtex4-1 Info: Repairing broken LaTeX \@xbitor on input line 1786.
Class revtex4-1 Info: Making \typeout \long on input line 2046.
ltxfront[2010/07/25/20:33:00 4.1r frontmatter package (AO,DPC)]
\c@affil=\count88
\c@collab=\count89
\absbox=\box28
ltxgrid[2010/07/25/20:33:00 4.1r page grid package (portions licensed from W. E
. Baxter web at superscript.com)]
\c@linecount=\count90
\output@latex=\toks15
\box@size@1=\box29
\box@size@2=\box30
\@protection@box=\box31
\@topmark@saved=\toks16
\footins@saved=\box32
\footins@recovered=\box33
\column@recovered=\box34
\pagesofar=\box35
\footsofar=\box36
\pagegrid@col=\count91

Class revtex4-1 Warning: Failed to recognize \@vspace, \@vspacer, \@no@pgbk, \@
newline, and \\; no patches applied. Please get a more up-to-date class, .

\c@part=\count92
\c@section=\count93
\c@subsection=\count94
\c@subsubsection=\count95
\c@paragraph=\count96
\c@subparagraph=\count97
\abovecaptionskip=\skip42
\belowcaptionskip=\skip43
\c@figure=\count98
\fbox@1=\box37
\c@table=\count99
\fbox@2=\box38
\c@video=\count100
\fbox@4=\box39
\@bibdataout=\write3
\widetext@top=\box40
\widetext@bot=\box41
Class revtex4-1 Info: Selecting society aps on input line 7542.
(/usr/local/texlive/2015/texmf-dist/tex/latex/revtex/aps4-1.rtx
File: aps4-1 2010/07/25/20:33:00 4.1r (http://publish.aps.org/revtex4/ for docu
mentation)
Class revtex4-1 Info: RevTeX society APS selected on input line 31.
)
Class revtex4-1 Info: Selecting journal pra on input line 7544.
Class revtex4-1 Info: APS journal PRA selected on input line 7545.

(/usr/local/texlive/2015/texmf-dist/tex/latex/revtex/aps10pt4-1.rtx
File: aps10pt4-1 2010/07/25/20:33:00 4.1r (http://publish.aps.org/revtex4/ for 
documentation)
Class revtex4-1 Info: RevTeX pointsize 10pt selected on input line 30.
)
(/usr/local/texlive/2015/texmf-dist/tex/latex/textcase/textcase.sty
Package: textcase 2004/10/07 v0.07 Text only upper/lower case changing (DPC)
)
(/usr/local/texlive/2015/texmf-dist/tex/latex/url/url.sty
\Urlmuskip=\muskip10
Package: url 2013/09/16  ver 3.4  Verb mode for urls, etc.
)
(/Users/ericagol/Library/texmf/tex/latex/aastex52/natbib.sty
Package: natbib 2003/06/06 7.1 (PWD)
\bibhang=\skip44
\bibsep=\skip45
LaTeX Info: Redefining \cite on input line 518.
\c@NAT@ctr=\count101
)

LaTeX Warning: You have requested, on input line 7549, version
               `2009/11/07 8.31a (PWD, AO)' of package natbib,
               but only version
               `2003/06/06 7.1 (PWD)'
               is available.

(/usr/local/texlive/2015/texmf-dist/tex/latex/revtex/revsymb4-1.sty
Package: revsymb4-1 2010/07/25/20:33:00 4.1r (http://publish.aps.org/revtex4/ f
or documentation)
LaTeX Info: Redefining \REV@mathfrak on input line 119.
))
(/usr/local/texlive/2015/texmf-dist/tex/latex/base/latexsym.sty
Package: latexsym 1998/08/17 v2.2e Standard LaTeX package (lasy symbols)
\symlasy=\mathgroup4
LaTeX Font Info:    Overwriting symbol font `lasy' in version `bold'
(Font)                  U/lasy/m/n --> U/lasy/b/n on input line 52.
)
(/usr/local/texlive/2015/texmf-dist/tex/latex/graphics/graphicx.sty
Package: graphicx 2014/10/28 v1.0g Enhanced LaTeX Graphics (DPC,SPQR)

(/usr/local/texlive/2015/texmf-dist/tex/latex/graphics/keyval.sty
Package: keyval 2014/10/28 v1.15 key=value parser (DPC)
\KV@toks@=\toks17
)
(/usr/local/texlive/2015/texmf-dist/tex/latex/graphics/graphics.sty
Package: graphics 2014/10/28 v1.0p Standard LaTeX Graphics (DPC,SPQR)

(/usr/local/texlive/2015/texmf-dist/tex/latex/graphics/trig.sty
Package: trig 1999/03/16 v1.09 sin cos tan (DPC)
)
(/usr/local/texlive/2015/texmf-dist/tex/latex/latexconfig/graphics.cfg
File: graphics.cfg 2010/04/23 v1.9 graphics configuration of TeX Live
)
Package graphics Info: Driver file: pdftex.def on input line 94.

(/usr/local/texlive/2015/texmf-dist/tex/latex/pdftex-def/pdftex.def
File: pdftex.def 2011/05/27 v0.06d Graphics/color for pdfTeX

(/usr/local/texlive/2015/texmf-dist/tex/generic/oberdiek/infwarerr.sty
Package: infwarerr 2010/04/08 v1.3 Providing info/warning/error messages (HO)
)
(/usr/local/texlive/2015/texmf-dist/tex/generic/oberdiek/ltxcmds.sty
Package: ltxcmds 2011/11/09 v1.22 LaTeX kernel commands for general use (HO)
)
\Gread@gobject=\count102
))
\Gin@req@height=\dimen107
\Gin@req@width=\dimen108
)
(/usr/local/texlive/2015/texmf-dist/tex/latex/amsfonts/amssymb.sty
Package: amssymb 2013/01/14 v3.01 AMS font symbols

(/usr/local/texlive/2015/texmf-dist/tex/latex/amsfonts/amsfonts.sty
Package: amsfonts 2013/01/14 v3.01 Basic AMSFonts support
\@emptytoks=\toks18
\symAMSa=\mathgroup5
\symAMSb=\mathgroup6
LaTeX Font Info:    Overwriting math alphabet `\mathfrak' in version `bold'
(Font)                  U/euf/m/n --> U/euf/b/n on input line 106.
LaTeX Info: Redefining \frak on input line 111.
LaTeX Info: Redefining \Bbb on input line 113.
))
(/usr/local/texlive/2015/texmf-dist/tex/generic/epsf/epsf.sty
This is `epsf.tex' v2.7.4 <14 February 2011>
\epsffilein=\read1
\epsfframemargin=\dimen109
\epsfframethickness=\dimen110
\epsfrsize=\dimen111
\epsftmp=\dimen112
\epsftsize=\dimen113
\epsfxsize=\dimen114
\epsfysize=\dimen115
\pspoints=\dimen116
)
\fncount=\count103
\endfncount=\count104
\c@front@matter@foot@note=\count105
\alt@affil@toks=\toks19
\alt@affil@toks@count=\toks20
\keys@width=\skip46
\c@lastfootnote=\count106
\c@remember@figure@num=\count107
\c@remember@table@num=\count108
\bibindent=\dimen117
\plot@width=\skip47
\c@table@save=\count109
\@abovenoteskip=\dimen118
\table@note@skip=\skip48
\deluxe@table@width=\skip49
\@d@t@a=\skip50
\c@deluxe@table@num=\count110
\LTcapwidth=\dimen119
\abovedeluxetableskip=\skip51
\belowdeluxetableskip=\skip52
\lastrowheight=\dimen120
\DT@p@ftn=\toks21
\pt@column=\count111
\pt@ncol=\count112
 (/usr/local/texlive/2015/texmf-dist/tex/latex/tools/longtable.sty
Package: longtable 2014/10/28 v4.11 Multi-page Table package (DPC)
\LTleft=\skip53
\LTright=\skip54
\LTpre=\skip55
\LTpost=\skip56
\LTchunksize=\count113
\LTcapwidth=\dimen121
\LT@head=\box42
\LT@firsthead=\box43
\LT@foot=\box44
\LT@lastfoot=\box45
\LT@cols=\count114
\LT@rows=\count115
\c@LT@tables=\count116
\c@LT@chunks=\count117
\LT@p@ftn=\toks22
)
(/usr/local/texlive/2015/texmf-dist/tex/latex/hyperref/hyperref.sty
Package: hyperref 2012/11/06 v6.83m Hypertext links for LaTeX

(/usr/local/texlive/2015/texmf-dist/tex/generic/oberdiek/hobsub-hyperref.sty
Package: hobsub-hyperref 2012/05/28 v1.13 Bundle oberdiek, subset hyperref (HO)


(/usr/local/texlive/2015/texmf-dist/tex/generic/oberdiek/hobsub-generic.sty
Package: hobsub-generic 2012/05/28 v1.13 Bundle oberdiek, subset generic (HO)
Package: hobsub 2012/05/28 v1.13 Construct package bundles (HO)
Package hobsub Info: Skipping package `infwarerr' (already loaded).
Package hobsub Info: Skipping package `ltxcmds' (already loaded).
Package: ifluatex 2010/03/01 v1.3 Provides the ifluatex switch (HO)
Package ifluatex Info: LuaTeX not detected.
Package: ifvtex 2010/03/01 v1.5 Detect VTeX and its facilities (HO)
Package ifvtex Info: VTeX not detected.
Package: intcalc 2007/09/27 v1.1 Expandable calculations with integers (HO)
Package: ifpdf 2011/01/30 v2.3 Provides the ifpdf switch (HO)
Package ifpdf Info: pdfTeX in PDF mode is detected.
Package: etexcmds 2011/02/16 v1.5 Avoid name clashes with e-TeX commands (HO)
Package etexcmds Info: Could not find \expanded.
(etexcmds)             That can mean that you are not using pdfTeX 1.50 or
(etexcmds)             that some package has redefined \expanded.
(etexcmds)             In the latter case, load this package earlier.
Package: kvsetkeys 2012/04/25 v1.16 Key value parser (HO)
Package: kvdefinekeys 2011/04/07 v1.3 Define keys (HO)
Package: pdftexcmds 2011/11/29 v0.20 Utility functions of pdfTeX for LuaTeX (HO
)
Package pdftexcmds Info: LuaTeX not detected.
Package pdftexcmds Info: \pdf@primitive is available.
Package pdftexcmds Info: \pdf@ifprimitive is available.
Package pdftexcmds Info: \pdfdraftmode found.
Package: pdfescape 2011/11/25 v1.13 Implements pdfTeX's escape features (HO)
Package: bigintcalc 2012/04/08 v1.3 Expandable calculations on big integers (HO
)
Package: bitset 2011/01/30 v1.1 Handle bit-vector datatype (HO)
Package: uniquecounter 2011/01/30 v1.2 Provide unlimited unique counter (HO)
)
Package hobsub Info: Skipping package `hobsub' (already loaded).
Package: letltxmacro 2010/09/02 v1.4 Let assignment for LaTeX macros (HO)
Package: hopatch 2012/05/28 v1.2 Wrapper for package hooks (HO)
Package: xcolor-patch 2011/01/30 xcolor patch
Package: atveryend 2011/06/30 v1.8 Hooks at the very end of document (HO)
Package: atbegshi 2011/10/05 v1.16 At begin shipout hook (HO)
Package: refcount 2011/10/16 v3.4 Data extraction from label references (HO)
Package: hycolor 2011/01/30 v1.7 Color options for hyperref/bookmark (HO)
)
(/usr/local/texlive/2015/texmf-dist/tex/generic/ifxetex/ifxetex.sty
Package: ifxetex 2010/09/12 v0.6 Provides ifxetex conditional
)
(/usr/local/texlive/2015/texmf-dist/tex/latex/oberdiek/auxhook.sty
Package: auxhook 2011/03/04 v1.3 Hooks for auxiliary files (HO)
)
(/usr/local/texlive/2015/texmf-dist/tex/latex/oberdiek/kvoptions.sty
Package: kvoptions 2011/06/30 v3.11 Key value format for package options (HO)
)
\@linkdim=\dimen122
\Hy@linkcounter=\count118
\Hy@pagecounter=\count119

(/usr/local/texlive/2015/texmf-dist/tex/latex/hyperref/pd1enc.def
File: pd1enc.def 2012/11/06 v6.83m Hyperref: PDFDocEncoding definition (HO)
)
\Hy@SavedSpaceFactor=\count120

(/usr/local/texlive/2015/texmf-dist/tex/latex/latexconfig/hyperref.cfg
File: hyperref.cfg 2002/06/06 v1.2 hyperref configuration of TeXLive
)
Package hyperref Info: Option `bookmarks' set `false' on input line 4319.
Package hyperref Info: Option `pdfnewwindow' set `true' on input line 4319.
Package hyperref Info: Option `colorlinks' set `true' on input line 4319.
Package hyperref Info: Hyper figures OFF on input line 4443.
Package hyperref Info: Link nesting OFF on input line 4448.
Package hyperref Info: Hyper index ON on input line 4451.
Package hyperref Info: Plain pages OFF on input line 4458.
Package hyperref Info: Backreferencing OFF on input line 4463.
Package hyperref Info: Implicit mode ON; LaTeX internals redefined.
Package hyperref Info: Bookmarks OFF on input line 4694.
LaTeX Info: Redefining \href on input line 4952.
\c@Hy@tempcnt=\count121
LaTeX Info: Redefining \url on input line 5041.
\XeTeXLinkMargin=\dimen123
\Fld@menulength=\count122
\Field@Width=\dimen124
\Fld@charsize=\dimen125
Package hyperref Info: Hyper figures OFF on input line 6295.
Package hyperref Info: Link nesting OFF on input line 6300.
Package hyperref Info: Hyper index ON on input line 6303.
Package hyperref Info: backreferencing OFF on input line 6310.
Package hyperref Info: Link coloring ON on input line 6313.
Package hyperref Info: Link coloring with OCG OFF on input line 6320.
Package hyperref Info: PDF/A mode OFF on input line 6325.
LaTeX Info: Redefining \ref on input line 6365.
LaTeX Info: Redefining \pageref on input line 6369.
\Hy@abspage=\count123
\c@Item=\count124
\c@Hfootnote=\count125
)

Package hyperref Message: Driver (autodetected): hpdftex.

(/usr/local/texlive/2015/texmf-dist/tex/latex/hyperref/hpdftex.def
File: hpdftex.def 2012/11/06 v6.83m Hyperref driver for pdfTeX
\Fld@listcount=\count126
\c@bookmark@seq@number=\count127

(/usr/local/texlive/2015/texmf-dist/tex/latex/oberdiek/rerunfilecheck.sty
Package: rerunfilecheck 2011/04/15 v1.7 Rerun checks for auxiliary files (HO)
Package uniquecounter Info: New unique counter `rerunfilecheck' on input line 2
82.
)
\Hy@SectionHShift=\skip57
)
(/usr/local/texlive/2015/texmf-dist/tex/latex/xcolor/xcolor.sty
Package: xcolor 2007/01/21 v2.11 LaTeX color extensions (UK)

(/usr/local/texlive/2015/texmf-dist/tex/latex/latexconfig/color.cfg
File: color.cfg 2007/01/18 v1.5 color configuration of teTeX/TeXLive
)
Package xcolor Info: Driver file: pdftex.def on input line 225.
Package xcolor Info: Model `cmy' substituted by `cmy0' on input line 1337.
Package xcolor Info: Model `hsb' substituted by `rgb' on input line 1341.
Package xcolor Info: Model `RGB' extended on input line 1353.
Package xcolor Info: Model `HTML' substituted by `rgb' on input line 1355.
Package xcolor Info: Model `Hsb' substituted by `hsb' on input line 1356.
Package xcolor Info: Model `tHsb' substituted by `hsb' on input line 1357.
Package xcolor Info: Model `HSB' substituted by `hsb' on input line 1358.
Package xcolor Info: Model `Gray' substituted by `gray' on input line 1359.
Package xcolor Info: Model `wave' substituted by `hsb' on input line 1360.
)
(/usr/local/texlive/2015/texmf-dist/tex/latex/tools/array.sty
Package: array 2014/10/28 v2.4c Tabular extension package (FMi)
\col@sep=\dimen126
\extrarowheight=\dimen127
\NC@list=\toks23
\extratabsurround=\skip58
\backup@length=\skip59
)
\colcount=\count128
\firstcolcount=\count129
\secondcolcount=\count130
\thirdcolcount=\count131
\columncount=\count132
\howmanyDs=\count133
\firsthowmanyDs=\count134
\secondhowmanyDs=\count135
\PartsOfTable=\count136
\columnoneandtwo=\count137
\colnumsused=\count138
\loopnum=\count139
\totalcolumncount=\count140
\totalcolumns=\count141
\firsttablebox=\box46
\secondtablebox=\box47
\thirdtablebox=\box48
\longtablebox=\box49
\splitbox=\box50
\maxtablewidth=\dimen128
\savetabskip=\dimen129
\tempcounter=\count142
\colheadcount=\count143
\rotatingbox=\box51
\colorcount=\count144
\refchangenumber=\count145
\listchangenum=\count146

(/usr/local/texlive/2015/texmf-dist/tex/generic/ulem/ulem.sty
\UL@box=\box52
\UL@hyphenbox=\box53
\UL@skip=\skip60
\UL@hook=\toks24
\UL@height=\dimen130
\UL@pe=\count147
\UL@pixel=\dimen131
\ULC@box=\box54
Package: ulem 2012/05/18
\ULdepth=\dimen132
)
\AuthorCallLimit=\count148
\authorcount=\count149
\endauthorcount=\count150
\affilnum=\count151
\curraffilnum=\count152
\tempaffilnum=\count153
\affilcount=\count154
)
\@input{vc.aux}
\openout2 = `vc.aux'.

(./vc.tex)
\@input{figures/rotation.aux}
\openout2 = `figures/rotation.aux'.

(./figures/rotation.tex)
(/usr/local/texlive/2015/texmf-dist/tex/latex/microtype/microtype.sty
Package: microtype 2013/05/23 v2.5a Micro-typographical refinements (RS)
\MT@toks=\toks25
\MT@count=\count155
LaTeX Info: Redefining \textls on input line 766.
\MT@outer@kern=\dimen133
LaTeX Info: Redefining \textmicrotypecontext on input line 1285.
\MT@listname@count=\count156

(/usr/local/texlive/2015/texmf-dist/tex/latex/microtype/microtype-pdftex.def
File: microtype-pdftex.def 2013/05/23 v2.5a Definitions specific to pdftex (RS)

LaTeX Info: Redefining \lsstyle on input line 915.
LaTeX Info: Redefining \lslig on input line 915.
\MT@outer@space=\skip61
)
Package microtype Info: Loading configuration file microtype.cfg.

(/usr/local/texlive/2015/texmf-dist/tex/latex/microtype/microtype.cfg
File: microtype.cfg 2013/05/23 v2.5a microtype main configuration file (RS)
))
(/usr/local/texlive/2015/texmf-dist/tex/latex/amsmath/amsmath.sty
Package: amsmath 2013/01/14 v2.14 AMS math features
\@mathmargin=\skip62

For additional information on amsmath, use the `?' option.
(/usr/local/texlive/2015/texmf-dist/tex/latex/amsmath/amstext.sty
Package: amstext 2000/06/29 v2.01

(/usr/local/texlive/2015/texmf-dist/tex/latex/amsmath/amsgen.sty
File: amsgen.sty 1999/11/30 v2.0
\@emptytoks=\toks26
\ex@=\dimen134
)
LaTeX Info: Redefining \text on input line 39.
)
(/usr/local/texlive/2015/texmf-dist/tex/latex/amsmath/amsbsy.sty
Package: amsbsy 1999/11/29 v1.2d
\pmbraise@=\dimen135
)
(/usr/local/texlive/2015/texmf-dist/tex/latex/amsmath/amsopn.sty
Package: amsopn 1999/12/14 v2.01 operator names
)
\inf@bad=\count157
LaTeX Info: Redefining \frac on input line 210.
\uproot@=\count158
\leftroot@=\count159
LaTeX Info: Redefining \overline on input line 306.
\classnum@=\count160
\DOTSCASE@=\count161
LaTeX Info: Redefining \ldots on input line 378.
LaTeX Info: Redefining \dots on input line 381.
LaTeX Info: Redefining \cdots on input line 466.
\Mathstrutbox@=\box55
\strutbox@=\box56
\big@size=\dimen136
LaTeX Font Info:    Redeclaring font encoding OML on input line 566.
LaTeX Font Info:    Redeclaring font encoding OMS on input line 567.
\macc@depth=\count162
\c@MaxMatrixCols=\count163
\dotsspace@=\muskip11
\c@parentequation=\count164
\dspbrk@lvl=\count165
\tag@help=\toks27
\row@=\count166
\column@=\count167
\maxfields@=\count168
\andhelp@=\toks28
\eqnshift@=\dimen137
\alignsep@=\dimen138
\tagshift@=\dimen139
\tagwidth@=\dimen140
\totwidth@=\dimen141
\lineht@=\dimen142
\@envbody=\toks29
\multlinegap=\skip63
\multlinetaggap=\skip64
\mathdisplay@stack=\toks30
LaTeX Info: Redefining \[ on input line 2665.
LaTeX Info: Redefining \] on input line 2666.
)
(/usr/local/texlive/2015/texmf-dist/tex/latex/multirow/multirow.sty
\bigstrutjot=\dimen143
)
Package hyperref Info: Option `colorlinks' set `false' on input line 47.
Class revtex4-1 Info: Unrecognized array package. Please update this document c
lass! (Proceeding with fingers crossed.) on input line 131.
Class revtex4-1 Info: Patching unrecognized longtable package. (Proceeding with
 fingers crossed) on input line 131.
Class revtex4-1 Info: Robustifying \LaTeX's \boldmath command on input line 131
.
Class revtex4-1 Info: cite was not loaded (OK!) on input line 131.
Class revtex4-1 Info: mcite was not loaded (OK!) on input line 131.
Class revtex4-1 Info: multicol was not loaded (OK!) on input line 131.


LaTeX Warning: Unused global option(s):
    [letterpaper].

(./ms.aux)
\openout1 = `ms.aux'.

LaTeX Font Info:    Checking defaults for OML/cmm/m/it on input line 131.
LaTeX Font Info:    ... okay on input line 131.
LaTeX Font Info:    Checking defaults for T1/cmr/m/n on input line 131.
LaTeX Font Info:    ... okay on input line 131.
LaTeX Font Info:    Checking defaults for OT1/cmr/m/n on input line 131.
LaTeX Font Info:    ... okay on input line 131.
LaTeX Font Info:    Checking defaults for OMS/cmsy/m/n on input line 131.
LaTeX Font Info:    ... okay on input line 131.
LaTeX Font Info:    Checking defaults for OMX/cmex/m/n on input line 131.
LaTeX Font Info:    ... okay on input line 131.
LaTeX Font Info:    Checking defaults for U/cmr/m/n on input line 131.
LaTeX Font Info:    ... okay on input line 131.
LaTeX Font Info:    Checking defaults for PD1/pdf/m/n on input line 131.
LaTeX Font Info:    ... okay on input line 131.
 (/usr/local/texlive/2015/texmf-dist/tex/context/base/supp-pdf.mkii
[Loading MPS to PDF converter (version 2006.09.02).]
\scratchcounter=\count169
\scratchdimen=\dimen144
\scratchbox=\box57
\nofMPsegments=\count170
\nofMParguments=\count171
\everyMPshowfont=\toks31
\MPscratchCnt=\count172
\MPscratchDim=\dimen145
\MPnumerator=\count173
\makeMPintoPDFobject=\count174
\everyMPtoPDFconversion=\toks32
) (/usr/local/texlive/2015/texmf-dist/tex/latex/oberdiek/epstopdf-base.sty
Package: epstopdf-base 2010/02/09 v2.5 Base part for package epstopdf

(/usr/local/texlive/2015/texmf-dist/tex/latex/oberdiek/grfext.sty
Package: grfext 2010/08/19 v1.1 Manage graphics extensions (HO)
)
Package grfext Info: Graphics extension search list:
(grfext)             [.png,.pdf,.jpg,.mps,.jpeg,.jbig2,.jb2,.PNG,.PDF,.JPG,.JPE
G,.JBIG2,.JB2,.eps]
(grfext)             \AppendGraphicsExtensions on input line 452.

(/usr/local/texlive/2015/texmf-dist/tex/latex/latexconfig/epstopdf-sys.cfg
File: epstopdf-sys.cfg 2010/07/13 v1.3 Configuration of (r)epstopdf for TeX Liv
e
))
\AtBeginShipoutBox=\box58
Package hyperref Info: Link coloring OFF on input line 131.

(/usr/local/texlive/2015/texmf-dist/tex/latex/hyperref/nameref.sty
Package: nameref 2012/10/27 v2.43 Cross-referencing by name of section

(/usr/local/texlive/2015/texmf-dist/tex/generic/oberdiek/gettitlestring.sty
Package: gettitlestring 2010/12/03 v1.4 Cleanup title references (HO)
)
\c@section@level=\count175
)
LaTeX Info: Redefining \ref on input line 131.
LaTeX Info: Redefining \pageref on input line 131.
LaTeX Info: Redefining \nameref on input line 131.
LaTeX Info: Redefining \microtypecontext on input line 131.
Package microtype Info: Generating PDF output.
Package microtype Info: Character protrusion enabled (level 2).
Package microtype Info: Using default protrusion set `alltext'.
Package microtype Info: Automatic font expansion enabled (level 2),
(microtype)             stretch: 20, shrink: 20, step: 1, non-selected.
Package microtype Info: Using default expansion set `basictext'.
Package microtype Info: No adjustment of tracking.
Package microtype Info: No adjustment of interword spacing.
Package microtype Info: No adjustment of character kerning.

(/usr/local/texlive/2015/texmf-dist/tex/latex/microtype/mt-cmr.cfg
File: mt-cmr.cfg 2013/05/19 v2.2 microtype config. file: Computer Modern Roman 
(RS)
)
Class revtex4-1 Info: Taking \maketitle back from hyperref on input line 131.
Class revtex4-1 Info: Overriding lineo.sty, restoring output routine, on input 
line 131.
Class revtex4-1 Info: Line numbering not turned on yet on input line 131.
\openout3 = `msNotes.bib'.

Class revtex4-1 Info: Overriding \@LN@LLerror on input line 131.
\c@affilcounter=\count176
LaTeX Font Info:    Try loading font information for U+lasy on input line 173.

(/usr/local/texlive/2015/texmf-dist/tex/latex/base/ulasy.fd
File: ulasy.fd 1998/08/17 v2.2e LaTeX symbol font definitions
)
LaTeX Font Info:    Try loading font information for U+msa on input line 173.

(/usr/local/texlive/2015/texmf-dist/tex/latex/amsfonts/umsa.fd
File: umsa.fd 2013/01/14 v3.01 AMS symbols A
)
(/usr/local/texlive/2015/texmf-dist/tex/latex/microtype/mt-msa.cfg
File: mt-msa.cfg 2006/02/04 v1.1 microtype config. file: AMS symbols (a) (RS)
)
LaTeX Font Info:    Try loading font information for U+msb on input line 173.

(/usr/local/texlive/2015/texmf-dist/tex/latex/amsfonts/umsb.fd
File: umsb.fd 2013/01/14 v3.01 AMS symbols B
)
(/usr/local/texlive/2015/texmf-dist/tex/latex/microtype/mt-msb.cfg
File: mt-msb.cfg 2005/06/01 v1.0 microtype config. file: AMS symbols (b) (RS)
)
Package microtype Info: Loading generic settings for font family
(microtype)             `cmss' (encoding: OT1).
(microtype)             For optimal results, create family-specific settings.
(microtype)             See the microtype manual for details.


Class revtex4-1 Warning: Assuming \noaffiliation for authors.

[1{/usr/local/texlive/2015/texmf-var/fonts/map/pdftex/updmap/pdftex.map}]
Package microtype Info: Loading generic settings for font family
(microtype)             `cmtt' (encoding: OT1).
(microtype)             For optimal results, create family-specific settings.
(microtype)             See the microtype manual for details.
LaTeX Font Info:    Font shape `U/lasy/b/n' in size <8> not available
(Font)              Font shape `U/lasy/m/n' tried instead on input line 267.
LaTeX Font Info:    Font shape `U/lasy/b/n' in size <6> not available
(Font)              Font shape `U/lasy/m/n' tried instead on input line 267.

[2]
Overfull \vbox (17.2086pt too high) has occurred while \output is active []


[3] [4] [5] [6] [7pdfTeX warning (ext4): destination with the same identifier (
name{equation.4.27}) has been already used, duplicate ignored

\AtBegShi@Output ...ipout \box \AtBeginShipoutBox 
                                                  \fi \fi 
l.590 \subsection{The algorithm}
                                ] [8]
<figures/matrix.pdf, id=191, 536.76537pt x 533.44093pt>
File: figures/matrix.pdf Graphic file (type pdf)

<use figures/matrix.pdf>
Package pdftex.def Info: figures/matrix.pdf used on input line 672.
(pdftex.def)             Requested size: 303.53267pt x 301.65515pt.
 [9 <./figures/matrix.pdf>]
<figures/benchmark_darwin.pdf, id=244, 561.64058pt x 268.84439pt>
File: figures/benchmark_darwin.pdf Graphic file (type pdf)

<use figures/benchmark_darwin.pdf>
Package pdftex.def Info: figures/benchmark_darwin.pdf used on input line 737.
(pdftex.def)             Requested size: 433.62pt x 207.56873pt.

<figures/benchmark_darwin_lapack.pdf, id=249, 561.64058pt x 268.84439pt>
File: figures/benchmark_darwin_lapack.pdf Graphic file (type pdf)

<use figures/benchmark_darwin_lapack.pdf>
Package pdftex.def Info: figures/benchmark_darwin_lapack.pdf used on input line
 757.
(pdftex.def)             Requested size: 433.62pt x 207.56873pt.

<figures/benchmark_darwin_sparse.pdf, id=252, 561.64058pt x 268.84439pt>
File: figures/benchmark_darwin_sparse.pdf Graphic file (type pdf)

<use figures/benchmark_darwin_sparse.pdf>
Package pdftex.def Info: figures/benchmark_darwin_sparse.pdf used on input line
 766.
(pdftex.def)             Requested size: 433.62pt x 207.56873pt.

Overfull \vbox (7.40936pt too high) has occurred while \output is active []


[10] [11 <./figures/benchmark_darwin.pdf> <./figures/benchmark_darwin_lapack.pd
f

pdfTeX warning: pdflatex (file ./figures/benchmark_darwin_lapack.pdf): PDF incl
usion: multiple pdfs with page group included in a single page
>] [12 <./figures/benchmark_darwin_sparse.pdf>]
LaTeX Font Info:    Try loading font information for OMS+cmr on input line 851.


(/usr/local/texlive/2015/texmf-dist/tex/latex/base/omscmr.fd
File: omscmr.fd 2014/09/29 v2.5h Standard LaTeX font definitions
)
LaTeX Font Info:    Font shape `OMS/cmr/m/n' in size <12> not available
(Font)              Font shape `OMS/cmsy/m/n' tried instead on input line 851.
 [13]
<figures/sho.pdf, id=447, 557.92442pt x 268.84439pt>
File: figures/sho.pdf Graphic file (type pdf)
 <use figures/sho.pdf>
Package pdftex.def Info: figures/sho.pdf used on input line 924.
(pdftex.def)             Requested size: 390.25534pt x 188.05441pt.

[14 <./figures/sho.pdf>]
<figures/simulated/correct.pdf, id=476, 557.92442pt x 268.84439pt>
File: figures/simulated/correct.pdf Graphic file (type pdf)

<use figures/simulated/correct.pdf>
Package pdftex.def Info: figures/simulated/correct.pdf used on input line 977.
(pdftex.def)             Requested size: 390.25534pt x 188.05441pt.
 [15 <./figures/simulated/correct.pdf>]
<figures/simulated/wrong-qpo.pdf, id=500, 557.92442pt x 268.84439pt>
File: figures/simulated/wrong-qpo.pdf Graphic file (type pdf)

<use figures/simulated/wrong-qpo.pdf>
Package pdftex.def Info: figures/simulated/wrong-qpo.pdf used on input line 103
5.
(pdftex.def)             Requested size: 390.25534pt x 188.05441pt.
 [16] [17 <./figures/simulated/wrong-qpo.pdf>]
<figures/astero-11615890-numax_deltanu_corner.pdf, id=574, 374.69174pt x 375.55
312pt>
File: figures/astero-11615890-numax_deltanu_corner.pdf Graphic file (type pdf)
 <use figures/astero-11615890-numax_deltanu_corner.pdf>
Package pdftex.def Info: figures/astero-11615890-numax_deltanu_corner.pdf used 
on input line 1155.
(pdftex.def)             Requested size: 346.89731pt x 347.69635pt.

<figures/astero-11615890-comparisons.pdf, id=581, 557.92442pt x 702.46443pt>
File: figures/astero-11615890-comparisons.pdf Graphic file (type pdf)

<use figures/astero-11615890-comparisons.pdf>
Package pdftex.def Info: figures/astero-11615890-comparisons.pdf used on input 
line 1167.
(pdftex.def)             Requested size: 390.25534pt x 491.36804pt.
 [18] [19 <./figures/astero-11615890-numax_deltanu_corner.pdf>] [20 <./figures/
astero-11615890-comparisons.pdf>]
<figures/rotation.pdf, id=665, 847.00436pt x 268.84439pt>
File: figures/rotation.pdf Graphic file (type pdf)

<use figures/rotation.pdf>
Package pdftex.def Info: figures/rotation.pdf used on input line 1231.
(pdftex.def)             Requested size: 433.62pt x 137.63391pt.

<figures/rotation-period.pdf, id=668, 268.84439pt x 268.84439pt>
File: figures/rotation-period.pdf Graphic file (type pdf)

<use figures/rotation-period.pdf>
Package pdftex.def Info: figures/rotation-period.pdf used on input line 1252.
(pdftex.def)             Requested size: 216.81pt x 216.81924pt.
 [21 <./figures/rotation.pdf>]
<figures/transit-ml.pdf, id=712, 578.16pt x 289.08pt>
File: figures/transit-ml.pdf Graphic file (type pdf)

<use figures/transit-ml.pdf>
Package pdftex.def Info: figures/transit-ml.pdf used on input line 1301.
(pdftex.def)             Requested size: 433.62pt x 216.80946pt.

<figures/transit-corner.pdf, id=713, 701.01903pt x 701.01903pt>
File: figures/transit-corner.pdf Graphic file (type pdf)

<use figures/transit-corner.pdf>
Package pdftex.def Info: figures/transit-corner.pdf used on input line 1318.
(pdftex.def)             Requested size: 433.62pt x 433.62183pt.
 [22 <./figures/rotation-period.pdf>] [23 <./figures/transit-ml.pdf>]

LaTeX Warning: A float is stuck (cannot be placed) on input line 1367.

[24 <./figures/transit-corner.pdf>] [25] [26] [27] [28] [29] (./ms.bbl
LaTeX Font Info:    Font shape `OMS/cmr/m/n' in size <10> not available
(Font)              Font shape `OMS/cmsy/m/n' tried instead on input line 108.
 [30])
[31]
Package atveryend Info: Empty hook `AfterLastShipout' on input line 1670.
 (./ms.aux)
Package atveryend Info: Executing hook `AtVeryEndDocument' on input line 1670.
Package atveryend Info: Empty hook `AtEndAfterFileList' on input line 1670.
 )
(\end occurred when \ifx on line 89 was incomplete)
(\end occurred when \ifx on line 89 was incomplete)
(\end occurred when \ifx on line 89 was incomplete)
(\end occurred when \ifx on line 89 was incomplete)
(\end occurred when \ifx on line 89 was incomplete)
(\end occurred when \ifx on line 89 was incomplete)
(\end occurred when \ifx on line 89 was incomplete)
(\end occurred when \ifx on line 89 was incomplete)
(\end occurred when \ifx on line 89 was incomplete)
(\end occurred when \ifx on line 89 was incomplete)
(\end occurred when \ifx on line 86 was incomplete)
(\end occurred when \ifx on line 86 was incomplete)
(\end occurred when \ifx on line 86 was incomplete)
(\end occurred when \ifx on line 86 was incomplete)
(\end occurred when \ifx on line 86 was incomplete)
(\end occurred when \ifx on line 86 was incomplete)
(\end occurred when \ifx on line 86 was incomplete)
(\end occurred when \ifx on line 86 was incomplete)
(\end occurred when \ifx on line 86 was incomplete)
(\end occurred when \ifx on line 86 was incomplete)
(\end occurred when \ifx on line 81 was incomplete)
(\end occurred when \ifx on line 81 was incomplete)
(\end occurred when \ifx on line 81 was incomplete)
(\end occurred when \ifx on line 81 was incomplete)
(\end occurred when \ifx on line 81 was incomplete)
(\end occurred when \ifx on line 81 was incomplete)
(\end occurred when \ifx on line 81 was incomplete)
(\end occurred when \ifx on line 81 was incomplete)
(\end occurred when \ifx on line 81 was incomplete)
(\end occurred when \ifx on line 81 was incomplete)
(\end occurred when \ifx on line 71 was incomplete)
(\end occurred when \ifx on line 71 was incomplete)
(\end occurred when \ifx on line 71 was incomplete)
(\end occurred when \ifx on line 71 was incomplete)
(\end occurred when \ifx on line 71 was incomplete)
(\end occurred when \ifx on line 71 was incomplete)
(\end occurred when \ifx on line 71 was incomplete)
(\end occurred when \ifx on line 71 was incomplete)
(\end occurred when \ifx on line 71 was incomplete)
(\end occurred when \ifx on line 71 was incomplete)
(\end occurred when \ifx on line 71 was incomplete)
(\end occurred when \ifx on line 71 was incomplete)
(\end occurred when \ifx on line 71 was incomplete)
(\end occurred when \ifx on line 71 was incomplete)
(\end occurred when \ifx on line 71 was incomplete)
(\end occurred when \ifx on line 71 was incomplete)
(\end occurred when \ifx on line 71 was incomplete)
(\end occurred when \ifx on line 71 was incomplete)
(\end occurred when \ifx on line 71 was incomplete)
(\end occurred when \ifx on line 71 was incomplete)
(\end occurred when \ifx on line 71 was incomplete)
(\end occurred when \ifx on line 71 was incomplete)
(\end occurred when \ifx on line 71 was incomplete)
(\end occurred when \ifx on line 71 was incomplete)
(\end occurred when \ifx on line 71 was incomplete)
(\end occurred when \ifx on line 71 was incomplete)
(\end occurred when \ifx on line 71 was incomplete)
(\end occurred when \ifx on line 71 was incomplete)
(\end occurred when \ifx on line 71 was incomplete)
(\end occurred when \ifx on line 71 was incomplete)
(\end occurred when \ifx on line 64 was incomplete)
(\end occurred when \ifx on line 64 was incomplete)
(\end occurred when \ifx on line 64 was incomplete)
(\end occurred when \ifx on line 64 was incomplete)
(\end occurred when \ifx on line 64 was incomplete)
(\end occurred when \ifx on line 64 was incomplete)
(\end occurred when \ifx on line 64 was incomplete)
(\end occurred when \ifx on line 64 was incomplete)
(\end occurred when \ifx on line 64 was incomplete)
(\end occurred when \ifx on line 64 was incomplete)
(\end occurred when \ifx on line 64 was incomplete)
(\end occurred when \ifx on line 64 was incomplete)
(\end occurred when \ifx on line 64 was incomplete)
(\end occurred when \ifx on line 64 was incomplete)
(\end occurred when \ifx on line 64 was incomplete)
(\end occurred when \ifx on line 64 was incomplete)
(\end occurred when \ifx on line 64 was incomplete)
(\end occurred when \ifx on line 64 was incomplete)
(\end occurred when \ifx on line 64 was incomplete)
(\end occurred when \ifx on line 64 was incomplete)
(\end occurred when \ifx on line 64 was incomplete)
(\end occurred when \ifx on line 64 was incomplete)
(\end occurred when \ifx on line 64 was incomplete)
(\end occurred when \ifx on line 64 was incomplete)
(\end occurred when \ifx on line 64 was incomplete)
(\end occurred when \ifx on line 64 was incomplete)
(\end occurred when \ifx on line 64 was incomplete)
(\end occurred when \ifx on line 64 was incomplete)
(\end occurred when \ifx on line 64 was incomplete)
(\end occurred when \ifx on line 64 was incomplete) 
Here is how much of TeX's memory you used:
 11596 strings out of 493089
 165202 string characters out of 6134842
 381321 words of memory out of 5000000
 14436 multiletter control sequences out of 15000+600000
 28601 words of font info for 214 fonts, out of 8000000 for 9000
 1141 hyphenation exceptions out of 8191
 41i,18n,37p,1634b,553s stack positions out of 5000i,500n,10000p,200000b,80000s
</usr/local/texlive/2015/tex
mf-dist/fonts/type1/public/amsfonts/cm/cmbx10.pfb></usr/local/texlive/2015/texm
f-dist/fonts/type1/public/amsfonts/cm/cmcsc10.pfb></usr/local/texlive/2015/texm
f-dist/fonts/type1/public/amsfonts/cm/cmex10.pfb></usr/local/texlive/2015/texmf
-dist/fonts/type1/public/amsfonts/cm/cmmi10.pfb></usr/local/texlive/2015/texmf-
dist/fonts/type1/public/amsfonts/cm/cmmi12.pfb></usr/local/texlive/2015/texmf-d
ist/fonts/type1/public/amsfonts/cm/cmmi6.pfb></usr/local/texlive/2015/texmf-dis
t/fonts/type1/public/amsfonts/cm/cmmi7.pfb></usr/local/texlive/2015/texmf-dist/
fonts/type1/public/amsfonts/cm/cmmi8.pfb></usr/local/texlive/2015/texmf-dist/fo
nts/type1/public/amsfonts/cm/cmmib10.pfb></usr/local/texlive/2015/texmf-dist/fo
nts/type1/public/amsfonts/cmextra/cmmib8.pfb></usr/local/texlive/2015/texmf-dis
t/fonts/type1/public/amsfonts/cm/cmr10.pfb></usr/local/texlive/2015/texmf-dist/
fonts/type1/public/amsfonts/cm/cmr12.pfb></usr/local/texlive/2015/texmf-dist/fo
nts/type1/public/amsfonts/cm/cmr6.pfb></usr/local/texlive/2015/texmf-dist/fonts
/type1/public/amsfonts/cm/cmr7.pfb></usr/local/texlive/2015/texmf-dist/fonts/ty
pe1/public/amsfonts/cm/cmr8.pfb></usr/local/texlive/2015/texmf-dist/fonts/type1
/public/amsfonts/cm/cmss10.pfb></usr/local/texlive/2015/texmf-dist/fonts/type1/
public/amsfonts/cm/cmss12.pfb></usr/local/texlive/2015/texmf-dist/fonts/type1/p
ublic/amsfonts/cm/cmsy10.pfb></usr/local/texlive/2015/texmf-dist/fonts/type1/pu
blic/amsfonts/cm/cmsy6.pfb></usr/local/texlive/2015/texmf-dist/fonts/type1/publ
ic/amsfonts/cm/cmsy7.pfb></usr/local/texlive/2015/texmf-dist/fonts/type1/public
/amsfonts/cm/cmsy8.pfb></usr/local/texlive/2015/texmf-dist/fonts/type1/public/a
msfonts/cm/cmti10.pfb></usr/local/texlive/2015/texmf-dist/fonts/type1/public/am
sfonts/cm/cmti12.pfb></usr/local/texlive/2015/texmf-dist/fonts/type1/public/ams
fonts/cm/cmtt10.pfb></usr/local/texlive/2015/texmf-dist/fonts/type1/public/amsf
onts/cm/cmtt12.pfb></usr/local/texlive/2015/texmf-dist/fonts/type1/public/hfbri
ght/hfbr10.pfb></usr/local/texlive/2015/texmf-dist/fonts/type1/public/hfbright/
hfbr8.pfb></usr/local/texlive/2015/texmf-dist/fonts/type1/public/hfbright/hfbrm
i10.pfb></usr/local/texlive/2015/texmf-dist/fonts/type1/public/hfbright/hfbrmi8
.pfb></usr/local/texlive/2015/texmf-dist/fonts/type1/public/hfbright/hfbrsy10.p
fb></usr/local/texlive/2015/texmf-dist/fonts/type1/public/hfbright/hfbrsy8.pfb>
</usr/local/texlive/2015/texmf-dist/fonts/type1/public/amsfonts/symbols/msam10.
pfb>
Output written on ms.pdf (31 pages, 1612758 bytes).
PDF statistics:
 1126 PDF objects out of 1200 (max. 8388607)
 946 compressed objects within 10 object streams
 206 named destinations out of 1000 (max. 500000)
 34882 words of extra memory for PDF output out of 35830 (max. 10000000)

